TN:
SF:src/modules/appointments/services/CreateAppointmentService.ts
FN:14,(anonymous_18)
FN:15,CreateAppointmentService
FN:20,(anonymous_20)
FNF:3
FNH:3
FNDA:1,(anonymous_18)
FNDA:2,CreateAppointmentService
FNDA:3,(anonymous_20)
DA:1,1
DA:2,1
DA:4,1
DA:14,1
DA:17,2
DA:20,3
DA:21,3
DA:23,3
DA:27,3
DA:28,1
DA:31,2
DA:36,2
DA:38,1
DA:40,1
LF:14
LH:14
BRDA:27,0,0,1
BRDA:27,0,1,2
BRF:2
BRH:2
end_of_record
TN:
SF:src/modules/users/services/AuthenticateUserService.ts
FN:23,(anonymous_18)
FN:24,AuthenticateUserService
FN:32,(anonymous_20)
FNF:3
FNH:3
FNDA:1,(anonymous_18)
FNDA:3,AuthenticateUserService
FNDA:3,(anonymous_20)
DA:1,1
DA:2,1
DA:3,1
DA:5,1
DA:23,1
DA:26,3
DA:29,3
DA:32,3
DA:33,3
DA:35,3
DA:36,1
DA:39,2
DA:44,2
DA:45,1
DA:48,1
DA:50,1
DA:55,1
DA:57,1
DA:59,1
LF:19
LH:19
BRDA:33,0,0,3
BRDA:35,1,0,1
BRDA:35,1,1,2
BRDA:44,2,0,1
BRDA:44,2,1,1
BRF:5
BRH:5
end_of_record
TN:
SF:src/modules/users/services/CreateUserService.ts
FN:15,(anonymous_18)
FN:16,CreateUserService
FN:24,(anonymous_20)
FNF:3
FNH:3
FNDA:2,(anonymous_18)
FNDA:4,CreateUserService
FNDA:5,(anonymous_20)
DA:1,2
DA:3,2
DA:15,2
DA:18,4
DA:21,4
DA:24,5
DA:25,5
DA:27,5
DA:28,1
DA:31,4
DA:33,4
DA:39,4
DA:41,2
DA:43,2
LF:14
LH:14
BRDA:25,0,0,5
BRDA:27,1,0,1
BRDA:27,1,1,4
BRF:3
BRH:3
end_of_record
TN:
SF:src/modules/users/services/ResetPasswordService.ts
FN:14,(anonymous_18)
FN:15,ResetPasswordService
FN:23,(anonymous_20)
FNF:3
FNH:3
FNDA:1,(anonymous_18)
FNDA:1,ResetPasswordService
FNDA:1,(anonymous_20)
DA:1,1
DA:3,1
DA:14,1
DA:17,1
DA:20,1
DA:23,1
DA:24,1
DA:26,1
DA:27,0
DA:30,1
DA:32,1
DA:33,0
DA:36,1
DA:38,2
DA:40,1
DA:42,1
LF:16
LH:14
BRDA:24,0,0,1
BRDA:26,1,0,0
BRDA:26,1,1,1
BRDA:32,2,0,0
BRDA:32,2,1,1
BRF:5
BRH:3
end_of_record
TN:
SF:src/modules/users/services/SendForgotPasswordEmailService.ts
FN:14,(anonymous_18)
FN:15,SendForgotPasswordEmailService
FN:26,(anonymous_20)
FNF:3
FNH:3
FNDA:1,(anonymous_18)
FNDA:3,SendForgotPasswordEmailService
FNDA:3,(anonymous_20)
DA:1,1
DA:3,1
DA:14,1
DA:17,3
DA:20,3
DA:23,3
DA:26,3
DA:27,3
DA:29,3
DA:30,1
DA:33,4
DA:35,2
DA:40,1
DA:42,1
LF:14
LH:14
BRDA:27,0,0,3
BRDA:29,1,0,1
BRDA:29,1,1,2
BRF:3
BRH:3
end_of_record
TN:
SF:src/modules/users/services/UpdateUserAvatarService.ts
FN:19,(anonymous_18)
FN:20,UpdateUserAvatarService
FN:28,(anonymous_20)
FNF:3
FNH:3
FNDA:1,(anonymous_18)
FNDA:3,UpdateUserAvatarService
FNDA:4,(anonymous_20)
DA:3,1
DA:7,1
DA:19,1
DA:22,3
DA:25,3
DA:28,4
DA:29,4
DA:31,4
DA:32,1
DA:35,5
DA:36,2
DA:39,3
DA:41,3
DA:43,6
DA:45,3
DA:47,1
DA:49,1
LF:17
LH:17
BRDA:29,0,0,4
BRDA:29,0,1,3
BRDA:31,1,0,1
BRDA:31,1,1,3
BRDA:35,2,0,2
BRDA:35,2,1,1
BRF:6
BRH:6
end_of_record
